  main.cpp
C:\Users\ameer\Desktop\Pong\Pong\Pong\main.cpp(25,15): warning C4244: 'argument': conversion from 'time_t' to 'unsigned int', possible loss of data
C:\Users\ameer\Desktop\Pong\Pong\Pong\main.cpp(70,20): warning C4244: 'initializing': conversion from 'T' to 'float', possible loss of data
          with
          [
              T=unsigned int
          ]
C:\Users\ameer\Desktop\Pong\Pong\Pong\main.cpp(71,20): warning C4244: 'initializing': conversion from 'T' to 'float', possible loss of data
          with
          [
              T=unsigned int
          ]
C:\Users\ameer\Desktop\Pong\Pong\Pong\main.cpp(94,82): warning C4244: 'argument': conversion from 'T' to 'T', possible loss of data
          with
          [
              T=unsigned int
          ]
          and
          [
              T=float
          ]
C:\Users\ameer\Desktop\Pong\Pong\Pong\main.cpp(94,58): warning C4244: 'argument': conversion from 'T' to 'T', possible loss of data
          with
          [
              T=unsigned int
          ]
          and
          [
              T=float
          ]
C:\Users\ameer\Desktop\Pong\Pong\Pong\main.cpp(109,86): warning C4244: 'argument': conversion from 'T' to 'T', possible loss of data
          with
          [
              T=unsigned int
          ]
          and
          [
              T=float
          ]
C:\Users\ameer\Desktop\Pong\Pong\Pong\main.cpp(109,62): warning C4244: 'argument': conversion from 'T' to 'T', possible loss of data
          with
          [
              T=unsigned int
          ]
          and
          [
              T=float
          ]
C:\Users\ameer\Desktop\Pong\Pong\Pong\main.cpp(123,90): warning C4244: 'argument': conversion from 'T' to 'T', possible loss of data
          with
          [
              T=unsigned int
          ]
          and
          [
              T=float
          ]
C:\Users\ameer\Desktop\Pong\Pong\Pong\main.cpp(123,66): warning C4244: 'argument': conversion from 'T' to 'T', possible loss of data
          with
          [
              T=unsigned int
          ]
          and
          [
              T=float
          ]
C:\Users\ameer\Desktop\Pong\Pong\Pong\main.cpp(136,76): warning C4244: 'argument': conversion from 'unsigned int' to 'T', possible loss of data
          with
          [
              T=float
          ]
C:\Users\ameer\Desktop\Pong\Pong\Pong\main.cpp(136,54): warning C4244: 'argument': conversion from 'unsigned int' to 'T', possible loss of data
          with
          [
              T=float
          ]
C:\Users\ameer\Desktop\Pong\Pong\Pong\main.cpp(152,77): warning C4244: 'argument': conversion from 'unsigned int' to 'T', possible loss of data
          with
          [
              T=float
          ]
C:\Users\ameer\Desktop\Pong\Pong\Pong\main.cpp(152,51): warning C4244: 'argument': conversion from 'unsigned int' to 'T', possible loss of data
          with
          [
              T=float
          ]
C:\Users\ameer\Desktop\Pong\Pong\Pong\main.cpp(171,32): warning C4101: 'receipentPort': unreferenced local variable
C:\Users\ameer\Desktop\Pong\Pong\Pong\main.cpp(283,19): warning C4101: 'hostMenuYPos': unreferenced local variable
C:\Users\ameer\Desktop\Pong\Pong\Pong\main.cpp(287,19): warning C4101: 'joinMenuYPos': unreferenced local variable
C:\Users\ameer\Desktop\Pong\Pong\Pong\main.cpp(282,19): warning C4101: 'hostMenuXPos': unreferenced local variable
C:\Users\ameer\Desktop\Pong\Pong\Pong\main.cpp(286,19): warning C4101: 'joinMenuXPos': unreferenced local variable
  Pong.vcxproj -> C:\Users\ameer\Desktop\Pong\Pong\x64\Debug\Pong.exe
